#
# A fatal error has been detected by the Java Runtime Environment:
#
#  EXCEPTION_ACCESS_VIOLATION (0xc0000005) at pc=0x0000000057b6de93, pid=792, tid=0x00000000000013c0
#
# JRE version: Java(TM) SE Runtime Environment (8.0_181-b13) (build 1.8.0_181-b13)
# Java VM: Java HotSpot(TM) 64-Bit Server VM (25.181-b13 mixed mode windows-amd64 compressed oops)
# Problematic frame:
# V  [jvm.dll+0xfde93]
#
# Failed to write core dump. Minidumps are not enabled by default on client versions of Windows
#
# If you would like to submit a bug report, please visit:
#   http://bugreport.java.com/bugreport/crash.jsp
#

---------------  T H R E A D  ---------------

Current thread (0x000000001bff8000):  VMThread [stack: 0x000000001d080000,0x000000001d180000] [id=5056]

siginfo: ExceptionCode=0xc0000005, reading address 0xffffffffffffffff

Registers:
RAX=0x0000000000000035, RBX=0x000000001d17f250, RCX=0x000000001d17f250, RDX=0xffffffffffff8775
RSP=0x000000001d17f000, RBP=0x000000001d17f070, RSI=0x000000001d17f250, RDI=0x00000000000000a0
R8 =0x0000000000000035, R9 =0x0000000002952b70, R10=0x03fffffffffffe1d, R11=0x000000001ba9854c
R12=0x0000000000000000, R13=0x0000000057b6de70, R14=0x0000000000000364, R15=0x0000000000000001
RIP=0x0000000057b6de93, EFLAGS=0x0000000000010a07

Top of Stack: (sp=0x000000001d17f000)
0x000000001d17f000:   000000001d17f250 000000001d17f070
0x000000001d17f010:   0000000000000364 0000000057b225ce
0x000000001d17f020:   000000001d17f250 0000000057b6fc79
0x000000001d17f030:   000000001d171184 000000001d17f250
0x000000001d17f040:   000000001d17f250 0000000057b6f756
0x000000001d17f050:   000000001d17f0c0 000000001d17f0b9
0x000000001d17f060:   00000000ffffff5f 0000000057b6f756
0x000000001d17f070:   00000000000003d8 0000000002952ea8
0x000000001d17f080:   0000000000000000 00000000000000a0
0x000000001d17f090:   000000001bff8000 0000000057b70704
0x000000001d17f0a0:   000000001d17f250 0000000000000000
0x000000001d17f0b0:   0000000000000364 0000000000000363
0x000000001d17f0c0:   000000001ba985d0 000000001bff8000
0x000000001d17f0d0:   0000036700000364 000000a000000383
0x000000001d17f0e0:   0000000002950000 00000000000000a0
0x000000001d17f0f0:   0000000000000003 00000000000003d8 

Instructions: (pc=0x0000000057b6de93)
0x0000000057b6de73:   83 ec 20 4c 8b 89 90 00 00 00 48 63 d2 48 8b d9
0x0000000057b6de83:   0f b6 c2 4c 8b d2 24 3f 49 c1 ea 06 44 0f b6 c0
0x0000000057b6de93:   4b 8b 04 d1 4c 0f a3 c0 72 0f 48 83 c1 70 41 b0
0x0000000057b6dea3:   01 e8 b7 82 17 00 ff 43 6c 48 83 c4 20 5b c3 cc 


Register to memory mapping:

RAX=0x0000000000000035 is an unknown value
RBX=0x000000001d17f250 is an unknown value
RCX=0x000000001d17f250 is an unknown value
RDX=0xffffffffffff8775 is an unknown value
RSP=0x000000001d17f000 is an unknown value
RBP=0x000000001d17f070 is an unknown value
RSI=0x000000001d17f250 is an unknown value
RDI=0x00000000000000a0 is an unknown value
R8 =0x0000000000000035 is an unknown value
R9 =0x0000000002952b70 is an unknown value
R10=0x03fffffffffffe1d is an unknown value
R11=0x000000001ba9854c is pointing into metadata
R12=0x0000000000000000 is an unknown value
R13=0x0000000057b6de70 is an unknown value
R14=0x0000000000000364 is an unknown value
R15=0x0000000000000001 is an unknown value


Stack: [0x000000001d080000,0x000000001d180000],  sp=0x000000001d17f000,  free space=1020k
Native frames: (J=compiled Java code, j=interpreted, Vv=VM code, C=native code)
V  [jvm.dll+0xfde93]
V  [jvm.dll+0xffc79]
V  [jvm.dll+0x100704]
V  [jvm.dll+0x103ae4]
V  [jvm.dll+0xc50be]
V  [jvm.dll+0xc5748]
V  [jvm.dll+0xc587a]
V  [jvm.dll+0xc5a78]
V  [jvm.dll+0x10f94a]
V  [jvm.dll+0x12d22f]
V  [jvm.dll+0x1bf3df]
V  [jvm.dll+0x24cc27]
V  [jvm.dll+0x24bec6]
V  [jvm.dll+0x24c361]
V  [jvm.dll+0x24c57e]
V  [jvm.dll+0x29e64a]
C  [msvcr100.dll+0x21d9f]
C  [msvcr100.dll+0x21e3b]
C  [KERNEL32.DLL+0x12d92]
C  [ntdll.dll+0x9f64]

VM_Operation (0x000000001dbaf1d0): GetOrSetLocal, mode: safepoint, requested by thread 0x000000001c042800


---------------  P R O C E S S  ---------------

Java Threads: ( => current thread )
  0x000000001dedc000 JavaThread "Service Thread" daemon [_thread_blocked, id=3532, stack(0x000000001e4b0000,0x000000001e5b0000)]
  0x000000001ded3000 JavaThread "C1 CompilerThread2" daemon [_thread_blocked, id=7412, stack(0x000000001e3b0000,0x000000001e4b0000)]
  0x000000001c08a000 JavaThread "C2 CompilerThread1" daemon [_thread_blocked, id=1032, stack(0x000000001e2b0000,0x000000001e3b0000)]
  0x000000001c053800 JavaThread "C2 CompilerThread0" daemon [_thread_blocked, id=8204, stack(0x000000001ddb0000,0x000000001deb0000)]
  0x000000001c047800 JavaThread "JDWP Command Reader" daemon [_thread_in_native, id=4132, stack(0x000000001dcb0000,0x000000001ddb0000)]
  0x000000001c046800 JavaThread "JDWP Event Helper Thread" daemon [_thread_blocked, id=9688, stack(0x000000001dbb0000,0x000000001dcb0000)]
  0x000000001c042800 JavaThread "JDWP Transport Listener: dt_socket" daemon [_thread_blocked, id=1156, stack(0x000000001dab0000,0x000000001dbb0000)]
  0x000000001c02c800 JavaThread "Attach Listener" daemon [_thread_blocked, id=8764, stack(0x000000001d570000,0x000000001d670000)]
  0x000000001c02b800 JavaThread "Signal Dispatcher" daemon [_thread_blocked, id=4424, stack(0x000000001d470000,0x000000001d570000)]
  0x000000001c01a800 JavaThread "Finalizer" daemon [_thread_blocked, id=3812, stack(0x000000001d280000,0x000000001d380000)]
  0x00000000029a2000 JavaThread "Reference Handler" daemon [_thread_blocked, id=6120, stack(0x000000001d180000,0x000000001d280000)]
  0x000000000105e000 JavaThread "main" [_thread_blocked, id=4272, stack(0x0000000001080000,0x0000000001180000)]

Other Threads:
=>0x000000001bff8000 VMThread [stack: 0x000000001d080000,0x000000001d180000] [id=5056]
  0x000000001dee0000 WatcherThread [stack: 0x000000001e5b0000,0x000000001e6b0000] [id=6592]

VM state:at safepoint (normal execution)

VM Mutex/Monitor currently owned by a thread:  ([mutex/lock_event])
[0x000000000105db60] Threads_lock - owner thread: 0x000000001bff8000

Heap:
 PSYoungGen      total 76288K, used 3932K [0x000000076b100000, 0x0000000770600000, 0x00000007c0000000)
  eden space 65536K, 6% used [0x000000076b100000,0x000000076b4d70e0,0x000000076f100000)
  from space 10752K, 0% used [0x000000076fb80000,0x000000076fb80000,0x0000000770600000)
  to   space 10752K, 0% used [0x000000076f100000,0x000000076f100000,0x000000076fb80000)
 ParOldGen       total 175104K, used 0K [0x00000006c1200000, 0x00000006cbd00000, 0x000000076b100000)
  object space 175104K, 0% used [0x00000006c1200000,0x00000006c1200000,0x00000006cbd00000)
 Metaspace       used 2614K, capacity 4656K, committed 4864K, reserved 1056768K
  class space    used 286K, capacity 424K, committed 512K, reserved 1048576K

Card table byte_map: [0x0000000011d80000,0x0000000012580000] byte_map_base: 0x000000000e777000

Marking Bits: (ParMarkBitMap*) 0x0000000058292d00
 Begin Bits: [0x0000000012ed0000, 0x0000000016e88000)
 End Bits:   [0x0000000016e88000, 0x000000001ae40000)

Polling page: 0x0000000000d10000

CodeCache: size=245760Kb used=1095Kb max_used=1095Kb free=244664Kb
 bounds [0x00000000029c0000, 0x0000000002c30000, 0x00000000119c0000]
 total_blobs=244 nmethods=19 adapters=147
 compilation: enabled

Compilation events (10 events):
Event: 0.119 Thread 0x000000001ded3000   12       3       java.lang.String::<init> (82 bytes)
Event: 0.119 Thread 0x000000001ded3000 nmethod 12 0x0000000002aced90 code [0x0000000002acef60, 0x0000000002acf498]
Event: 0.119 Thread 0x000000001ded3000   16       3       java.io.WinNTFileSystem::isSlash (18 bytes)
Event: 0.119 Thread 0x000000001ded3000 nmethod 16 0x0000000002acf7d0 code [0x0000000002acf920, 0x0000000002acfb10]
Event: 0.119 Thread 0x000000001ded3000   17  s    3       java.lang.StringBuffer::append (13 bytes)
Event: 0.119 Thread 0x000000001ded3000 nmethod 17 0x0000000002acfb90 code [0x0000000002acfd40, 0x0000000002ad0478]
Event: 0.123 Thread 0x000000001ded3000   18       3       java.lang.System::getSecurityManager (4 bytes)
Event: 0.123 Thread 0x000000001ded3000 nmethod 18 0x0000000002ad1090 code [0x0000000002ad11e0, 0x0000000002ad1330]
Event: 0.124 Thread 0x000000001ded3000   19       1       java.lang.reflect.Field::getName (5 bytes)
Event: 0.124 Thread 0x000000001ded3000 nmethod 19 0x0000000002ad1990 code [0x0000000002ad1ae0, 0x0000000002ad1bf0]

GC Heap History (0 events):
No events

Deoptimization events (0 events):
No events

Classes redefined (9 events):
Event: 34.919 Thread 0x000000001bff8000 redefined class name=com.qa.TheInfiniteTerrainSystem.Game, count=1
Event: 63.456 Thread 0x000000001bff8000 redefined class name=com.qa.TheInfiniteTerrainSystem.Game, count=2
Event: 611.648 Thread 0x000000001bff8000 redefined class name=com.qa.TheInfiniteTerrainSystem.Game, count=3
Event: 718.078 Thread 0x000000001bff8000 redefined class name=com.qa.TheInfiniteTerrainSystem.Runner, count=1
Event: 1004.736 Thread 0x000000001bff8000 redefined class name=com.qa.TheInfiniteTerrainSystem.Game, count=4
Event: 1067.911 Thread 0x000000001bff8000 redefined class name=com.qa.TheInfiniteTerrainSystem.Game, count=5
Event: 1078.839 Thread 0x000000001bff8000 redefined class name=com.qa.TheInfiniteTerrainSystem.Game, count=6
Event: 1232.758 Thread 0x000000001bff8000 redefined class name=com.qa.TheInfiniteTerrainSystem.Game, count=7
Event: 1243.239 Thread 0x000000001bff8000 redefined class name=com.qa.TheInfiniteTerrainSystem.Game, count=8

Internal exceptions (2 events):
Event: 0.025 Thread 0x000000000105e000 Exception <a 'java/lang/NoSuchMethodError': Method sun.misc.Unsafe.defineClass(Ljava/lang/String;[BII)Ljava/lang/Class; name or signature does not match> (0x000000076b107cb0) thrown at [C:\re\workspace\8-2-build-windows-amd64-cygwin\jdk8u181\11358\hotspot
Event: 0.025 Thread 0x000000000105e000 Exception <a 'java/lang/NoSuchMethodError': Method sun.misc.Unsafe.prefetchRead(Ljava/lang/Object;J)V name or signature does not match> (0x000000076b107f98) thrown at [C:\re\workspace\8-2-build-windows-amd64-cygwin\jdk8u181\11358\hotspot\src\share\vm\prim

Events (10 events):
Event: 1956.327 Executing VM operation: GetOwnedMonitorInfo done
Event: 1956.360 Executing VM operation: GetCurrentContendedMonitor
Event: 1956.360 Executing VM operation: GetCurrentContendedMonitor done
Event: 1956.360 Executing VM operation: GetOwnedMonitorInfo
Event: 1956.360 Executing VM operation: GetOwnedMonitorInfo done
Event: 1958.870 Executing VM operation: GetOwnedMonitorInfo
Event: 1958.870 Executing VM operation: GetOwnedMonitorInfo done
Event: 1958.870 Executing VM operation: GetCurrentContendedMonitor
Event: 1958.870 Executing VM operation: GetCurrentContendedMonitor done
Event: 1958.906 Executing VM operation: GetOrSetLocal


Dynamic libraries:
0x00007ff73e3e0000 - 0x00007ff73e417000 	C:\Program Files\Java\jre1.8.0_181\bin\javaw.exe
0x00007ffe555b0000 - 0x00007ffe55772000 	C:\Windows\SYSTEM32\ntdll.dll
0x00007ffe541b0000 - 0x00007ffe5425d000 	C:\Windows\system32\KERNEL32.DLL
0x00007ffe528d0000 - 0x00007ffe52aad000 	C:\Windows\system32\KERNELBASE.dll
0x00007ffe543b0000 - 0x00007ffe54456000 	C:\Windows\system32\ADVAPI32.dll
0x00007ffe54990000 - 0x00007ffe54a2d000 	C:\Windows\system32\msvcrt.dll
0x00007ffe54c60000 - 0x00007ffe54cbb000 	C:\Windows\system32\sechost.dll
0x00007ffe54530000 - 0x00007ffe54656000 	C:\Windows\system32\RPCRT4.dll
0x00007ffe54260000 - 0x00007ffe543ae000 	C:\Windows\system32\USER32.dll
0x00007ffe54660000 - 0x00007ffe547e6000 	C:\Windows\system32\GDI32.dll
0x00007ffe48260000 - 0x00007ffe484d4000 	C:\Windows\WinSxS\amd64_microsoft.windows.common-controls_6595b64144ccf1df_6.0.10240.16384_none_f41f7b285750ef43\COMCTL32.dll
0x00007ffe552e0000 - 0x00007ffe55316000 	C:\Windows\system32\IMM32.DLL
0x00007ffe54cc0000 - 0x00007ffe54e1c000 	C:\Windows\system32\MSCTF.dll
0x0000000057990000 - 0x0000000057a62000 	C:\Program Files\Java\jre1.8.0_181\bin\msvcr100.dll
0x0000000057a70000 - 0x0000000058312000 	C:\Program Files\Java\jre1.8.0_181\bin\server\jvm.dll
0x00007ffe55200000 - 0x00007ffe55208000 	C:\Windows\system32\PSAPI.DLL
0x00007ffe506c0000 - 0x00007ffe506c9000 	C:\Windows\SYSTEM32\WSOCK32.dll
0x00007ffe55270000 - 0x00007ffe552d9000 	C:\Windows\system32\WS2_32.dll
0x00007ffe54e20000 - 0x00007ffe54e28000 	C:\Windows\system32\NSI.dll
0x00007ffe504a0000 - 0x00007ffe504c3000 	C:\Windows\SYSTEM32\WINMM.dll
0x00007ffe49c70000 - 0x00007ffe49c7a000 	C:\Windows\SYSTEM32\VERSION.dll
0x00007ffe50700000 - 0x00007ffe5072c000 	C:\Windows\SYSTEM32\WINMMBASE.dll
0x00007ffe52880000 - 0x00007ffe528c4000 	C:\Windows\system32\cfgmgr32.dll
0x00007ffe50950000 - 0x00007ffe50977000 	C:\Windows\SYSTEM32\DEVOBJ.dll
0x0000000057980000 - 0x000000005798f000 	C:\Program Files\Java\jre1.8.0_181\bin\verify.dll
0x0000000057950000 - 0x0000000057979000 	C:\Program Files\Java\jre1.8.0_181\bin\java.dll
0x0000000057860000 - 0x0000000057895000 	C:\Program Files\Java\jre1.8.0_181\bin\jdwp.dll
0x0000000057850000 - 0x0000000057858000 	C:\Program Files\Java\jre1.8.0_181\bin\npt.dll
0x0000000057930000 - 0x0000000057946000 	C:\Program Files\Java\jre1.8.0_181\bin\zip.dll
0x00007ffe52c80000 - 0x00007ffe541a2000 	C:\Windows\system32\SHELL32.dll
0x00007ffe52080000 - 0x00007ffe526a8000 	C:\Windows\system32\windows.storage.dll
0x00007ffe54e30000 - 0x00007ffe550ac000 	C:\Windows\system32\combase.dll
0x00007ffe55210000 - 0x00007ffe55261000 	C:\Windows\system32\shlwapi.dll
0x00007ffe51fe0000 - 0x00007ffe51fef000 	C:\Windows\system32\kernel.appcore.dll
0x00007ffe52b60000 - 0x00007ffe52c13000 	C:\Windows\system32\shcore.dll
0x00007ffe52030000 - 0x00007ffe5207a000 	C:\Windows\system32\powrprof.dll
0x00007ffe51ff0000 - 0x00007ffe52003000 	C:\Windows\system32\profapi.dll
0x0000000057840000 - 0x0000000057849000 	C:\Program Files\Java\jre1.8.0_181\bin\dt_socket.dll
0x00007ffe44630000 - 0x00007ffe44645000 	C:\Windows\system32\napinsp.dll
0x00007ffe44650000 - 0x00007ffe4466a000 	C:\Windows\system32\pnrpnsp.dll
0x00007ffe4fb80000 - 0x00007ffe4fb98000 	C:\Windows\system32\NLAapi.dll
0x00007ffe517f0000 - 0x00007ffe5184d000 	C:\Windows\System32\mswsock.dll
0x00007ffe51590000 - 0x00007ffe51638000 	C:\Windows\SYSTEM32\DNSAPI.dll
0x00007ffe4bfa0000 - 0x00007ffe4bfad000 	C:\Windows\System32\winrnr.dll
0x00007ffe4c3b0000 - 0x00007ffe4c418000 	C:\Windows\System32\fwpuclnt.dll
0x00007ffe51f10000 - 0x00007ffe51f38000 	C:\Windows\SYSTEM32\bcrypt.dll
0x00007ffe4b160000 - 0x00007ffe4b16a000 	C:\Windows\System32\rasadhlp.dll
0x00007ffe37bf0000 - 0x00007ffe37d7a000 	C:\Windows\SYSTEM32\dbghelp.dll

VM Arguments:
jvm_args: -agentlib:jdwp=transport=dt_socket,suspend=y,address=localhost:58292 -Dfile.encoding=UTF-8 
java_command: com.qa.TheInfiniteTerrainSystem.Runner
java_class_path (initial): C:\Users\Admin\eclipse-workspace\TheInfiniteTerrainSystem\target\classes
Launcher Type: SUN_STANDARD

Environment Variables:
PATH=C:/Program Files/Java/jre1.8.0_181/bin/server;C:/Program Files/Java/jre1.8.0_181/bin;C:/Program Files/Java/jre1.8.0_181/lib/amd64;C:\Program Files (x86)\Common Files\Oracle\Java\javapath;C:\ProgramData\Oracle\Java\javapath;C:\Windows\system32;C:\Windows;C:\Windows\System32\Wbem;C:\Windows\System32\WindowsPowerShell\v1.0\;C:\Program Files\Git\cmd;C:\LocalInstall\Editors\eclipse-java-oxygen-R-win32-x86_64\eclipse;
USERNAME=Admin
OS=Windows_NT
PROCESSOR_IDENTIFIER=Intel64 Family 6 Model 60 Stepping 3, GenuineIntel



---------------  S Y S T E M  ---------------

OS: Windows 10.0 , 64 bit Build 10240 (10.0.10240.16384)

CPU:total 4 (initial active 4) (4 cores per cpu, 1 threads per core) family 6 model 60 stepping 3, cmov, cx8, fxsr, mmx, sse, sse2, sse3, ssse3, sse4.1, sse4.2, popcnt, avx, avx2, aes, clmul, erms, lzcnt, tsc, tscinvbit, bmi1, bmi2

Memory: 4k page, physical 16698924k(12396080k free), swap 27679012k(3332596k free)

vm_info: Java HotSpot(TM) 64-Bit Server VM (25.181-b13) for windows-amd64 JRE (1.8.0_181-b13), built on Jul  7 2018 04:01:33 by "java_re" with MS VC++ 10.0 (VS2010)

time: Fri Oct 12 12:05:40 2018
elapsed time: 1958 seconds (0d 0h 32m 38s)

